<?xml version="1.0" encoding="UTF-8"?>
<testng-results ignored="0" total="1" passed="1" failed="0" skipped="0">
  <reporter-output>
  </reporter-output>
  <suite started-at="2024-02-13T16:26:18 IST" name="Surefire suite" finished-at="2024-02-13T16:26:18 IST" duration-ms="20">
    <groups>
    </groups>
    <test started-at="2024-02-13T16:26:18 IST" name="Surefire test" finished-at="2024-02-13T16:26:18 IST" duration-ms="20">
      <class name="BDD_cucumber.BDD_cucumber.AppTest">
        <test-method signature="testApp()[pri:0, instance:testApp(BDD_cucumber.BDD_cucumber.AppTest)]" started-at="2024-02-13T16:26:18 IST" name="testApp" finished-at="2024-02-13T16:26:18 IST" duration-ms="3" status="PASS">
          <reporter-output>
          </reporter-output>
        </test-method> <!-- testApp -->
      </class> <!-- BDD_cucumber.BDD_cucumber.AppTest -->
    </test> <!-- Surefire test -->
  </suite> <!-- Surefire suite -->
</testng-results>
